php artisan serve
=> run in localhost.
http://127.0.0.1:8000
tailwind.min.css

php artisan migrate:refresh
==> remove all table was created.

php artisan migrate

==> chay tat ca cac cau lenh, tao bang table.

php artisan make:migration create_posts_table

==> still not create the table "posts" in mysql database.
It auto generate a .php file with name: 2022_10_07_133053_create_posts_table.php
open 2022_10_07_133053_create_posts_table.php file to define columns for table posts.migrate

chạy dòng này để thêm list .php file  auto excect in next time.

php artisan migrate --path=database/migrations/2023_03_08_083625_create_posts_table.php


sau khi define xong.migrate
RUn:
php artisan migrate
==> Tao table posts with columns done.

php artisan migrate => chỉ run những file php có trong bảng migrations.

php artisan make:seeder UserSeeder
then run:
php artisan db:seed --class UserSeeder
to insert sample data

php artisan make:seeder PostSeeder
==> create file database/seeder/PostSeeder.php file

=> define sample data in PostSeeder.php then run this:

php artisan db:seed --class PostSeeder
==> Excute sql query and insert database to Posts table.


php artisan make:model Post

Categories:

php artisan make:migration create_categories_table

php artisan make:model Category


composer require itsgoingd/clockwork


run this first:
php artisan migrate:refresh

then run:
php artisan migrate:refresh --seed
==> drop all table.

Create make:factory
php artisan make:factory Post
php artisan make:factory Category
php artisan make:factory Faker

***
php artisan make:model Comment -mf
(create model + factory comment)

php artisan make:controller PostController
php artisan make:controller SessionController

Laravel Breeze.
=> packge intergrated login/logout/forgotpassword/register ...

https://laracasts.com/series/laravel-8-from-scratch/episodes/52 => comment html only
php artisan make:model Comment -mfc



php artisan migrate --path=database/migrations/2022_10_11_063049_drop_comments_table.php
php artisan migrate:refresh --path=database/migrations/2022_10_10_171503_create_comments_table.php

php artisan make:migration drop_comments_table

Ajax:

use App\Http\Controllers\AjaxController;

Route::get('add-post', [AjaxController::class, 'myPost']);
Route::post('submit-post', [AjaxController::class, 'submitPost'])->name('postSubmit');


php artisan make:middleware AdminsOnly


php artisan storage:link
php artisan storage:link --force

==> whee file uploaded via form will available here.
php artisan serve
php artisan serve

